<?xml version="1.0" encoding="UTF-8"?>
<!-- Generated by org.testng.reporters.JUnitReportReporter -->
<testsuite hostname="DESKTOP-JET7EDG" failures="0" tests="3" name="testCases.LoginPage_Test" time="44.040" errors="0" timestamp="2024-06-20T08:14:05 IST" skipped="0">
  <testcase classname="testCases.LoginPage_Test" name="loginToApplicationTest" time="22.453"/>
  <system-out>
    <![CDATA[Login Successful= https://www.saucedemo.com/inventory.html]]>
  </system-out>
  <testcase classname="testCases.LoginPage_Test" name="verifyURLOfApplicationTest" time="12.730"/>
  <system-out>
    <![CDATA[The URL of SWag lab = https://www.saucedemo.com/]]>
  </system-out>
  <testcase classname="testCases.LoginPage_Test" name="verifyTitleOfApplicationTest" time="8.857"/>
  <system-out/>
</testsuite> <!-- testCases.LoginPage_Test -->
